  ResourceManagement.cpp
ResourceManagement.obj : error LNK2001: unresolved external symbol stbi_load
ResourceManagement.obj : error LNK2001: unresolved external symbol glad_glDeleteTextures
ResourceManagement.obj : error LNK2001: unresolved external symbol stbi_image_free
ResourceManagement.obj : error LNK2001: unresolved external symbol "public: static class std::map<class std::basic_string<char,struct std::char_traits<char>,class std::allocator<char> >,class Texture2D,struct std::less<class std::basic_string<char,struct std::char_traits<char>,class std::allocator<char> > >,class std::allocator<struct std::pair<class std::basic_string<char,struct std::char_traits<char>,class std::allocator<char> > const ,class Texture2D> > > ResourceManager::textures" (?textures@ResourceManager@@2V?$map@V?$basic_string@DU?$char_traits@D@std@@V?$allocator@D@2@@std@@VTexture2D@@U?$less@V?$basic_string@DU?$char_traits@D@std@@V?$allocator@D@2@@std@@@2@V?$allocator@U?$pair@$$CBV?$basic_string@DU?$char_traits@D@std@@V?$allocator@D@2@@std@@VTexture2D@@@std@@@2@@std@@A)
ResourceManagement.obj : error LNK2001: unresolved external symbol glad_glDeleteProgram
ResourceManagement.obj : error LNK2001: unresolved external symbol "public: static class std::map<class std::basic_string<char,struct std::char_traits<char>,class std::allocator<char> >,class Shader,struct std::less<class std::basic_string<char,struct std::char_traits<char>,class std::allocator<char> > >,class std::allocator<struct std::pair<class std::basic_string<char,struct std::char_traits<char>,class std::allocator<char> > const ,class Shader> > > ResourceManager::shaders" (?shaders@ResourceManager@@2V?$map@V?$basic_string@DU?$char_traits@D@std@@V?$allocator@D@2@@std@@VShader@@U?$less@V?$basic_string@DU?$char_traits@D@std@@V?$allocator@D@2@@std@@@2@V?$allocator@U?$pair@$$CBV?$basic_string@DU?$char_traits@D@std@@V?$allocator@D@2@@std@@VShader@@@std@@@2@@std@@A)
shader.obj : error LNK2001: unresolved external symbol glad_glLinkProgram
shader.obj : error LNK2001: unresolved external symbol glad_glUniform1f
shader.obj : error LNK2001: unresolved external symbol glad_glAttachShader
shader.obj : error LNK2001: unresolved external symbol glad_glGetUniformLocation
shader.obj : error LNK2001: unresolved external symbol glad_glDeleteShader
shader.obj : error LNK2001: unresolved external symbol glad_glUseProgram
shader.obj : error LNK2001: unresolved external symbol glad_glUniformMatrix4fv
shader.obj : error LNK2001: unresolved external symbol glad_glUniform3f
shader.obj : error LNK2001: unresolved external symbol glad_glCreateProgram
shader.obj : error LNK2001: unresolved external symbol glad_glGetShaderiv
shader.obj : error LNK2001: unresolved external symbol glad_glGetShaderInfoLog
shader.obj : error LNK2001: unresolved external symbol glad_glCreateShader
shader.obj : error LNK2001: unresolved external symbol glad_glUniform4f
shader.obj : error LNK2001: unresolved external symbol glad_glUniform2f
shader.obj : error LNK2001: unresolved external symbol glad_glShaderSource
shader.obj : error LNK2001: unresolved external symbol glad_glUniform1i
shader.obj : error LNK2001: unresolved external symbol glad_glGetProgramiv
shader.obj : error LNK2001: unresolved external symbol glad_glCompileShader
shader.obj : error LNK2001: unresolved external symbol glad_glGetProgramInfoLog
textures.obj : error LNK2001: unresolved external symbol glad_glBindTexture
textures.obj : error LNK2001: unresolved external symbol glad_glTexImage2D
textures.obj : error LNK2001: unresolved external symbol glad_glGenTextures
textures.obj : error LNK2001: unresolved external symbol glad_glTexParameteri
C:\Users\Alvaro\Documents\Workspace\openGl_game\openGL2dGame\x64\Release\openGL2dGame.exe : fatal error LNK1120: 29 unresolved externals
